# JRE version: Java(TM) SE Runtime Environment (8.0_172-b11) (build 1.8.0_172-b11)
# Java VM: Java HotSpot(TM) 64-Bit Server VM (25.172-b11 mixed mode windows-amd64 compressed oops)
Heap:
 PSYoungGen      total 82944K, used 2994K [0x0000000780380000, 0x0000000785f80000, 0x00000007c0000000)
  eden space 74752K, 4% used [0x0000000780380000,0x000000078066c9f8,0x0000000784c80000)
  from space 8192K, 0% used [0x0000000785480000,0x0000000785480000,0x0000000785c80000)
  to   space 8192K, 0% used [0x0000000784c80000,0x0000000784c80000,0x0000000785480000)
 ParOldGen       total 82432K, used 12284K [0x0000000700a00000, 0x0000000705a80000, 0x0000000780380000)
  object space 82432K, 14% used [0x0000000700a00000,0x00000007015ff3d0,0x0000000705a80000)
 Metaspace       used 34894K, capacity 35412K, committed 35800K, reserved 1079296K
  class space    used 4844K, capacity 5016K, committed 5120K, reserved 1048576K
GC Heap History (10 events):
Event: 2.544 GC heap before
{Heap before GC invocations=2 (full 0):
 PSYoungGen      total 57344K, used 32386K [0x0000000780380000, 0x0000000784380000, 0x00000007c0000000)
  eden space 49152K, 58% used [0x0000000780380000,0x0000000781fbe848,0x0000000783380000)
  from space 8192K, 42% used [0x0000000783380000,0x00000007836e1fc0,0x0000000783b80000)
  to   space 8192K, 0% used [0x0000000783b80000,0x0000000783b80000,0x0000000784380000)
 ParOldGen       total 131072K, used 16K [0x0000000700a00000, 0x0000000708a00000, 0x0000000780380000)
  object space 131072K, 0% used [0x0000000700a00000,0x0000000700a04000,0x0000000708a00000)
 Metaspace       used 20801K, capacity 21006K, committed 21248K, reserved 1067008K
  class space    used 2897K, capacity 2981K, committed 3072K, reserved 1048576K
Event: 2.550 GC heap after
Heap after GC invocations=2 (full 0):
 PSYoungGen      total 57344K, used 6719K [0x0000000780380000, 0x0000000784380000, 0x00000007c0000000)
  eden space 49152K, 0% used [0x0000000780380000,0x0000000780380000,0x0000000783380000)
  from space 8192K, 82% used [0x0000000783b80000,0x000000078420fd08,0x0000000784380000)
  to   space 8192K, 0% used [0x0000000783380000,0x0000000783380000,0x0000000783b80000)
 ParOldGen       total 131072K, used 88K [0x0000000700a00000, 0x0000000708a00000, 0x0000000780380000)
  object space 131072K, 0% used [0x0000000700a00000,0x0000000700a16010,0x0000000708a00000)
 Metaspace       used 20801K, capacity 21006K, committed 21248K, reserved 1067008K
  class space    used 2897K, capacity 2981K, committed 3072K, reserved 1048576K
}
Event: 2.550 GC heap before
{Heap before GC invocations=3 (full 1):
 PSYoungGen      total 57344K, used 6719K [0x0000000780380000, 0x0000000784380000, 0x00000007c0000000)
  eden space 49152K, 0% used [0x0000000780380000,0x0000000780380000,0x0000000783380000)
  from space 8192K, 82% used [0x0000000783b80000,0x000000078420fd08,0x0000000784380000)
  to   space 8192K, 0% used [0x0000000783380000,0x0000000783380000,0x0000000783b80000)
 ParOldGen       total 131072K, used 88K [0x0000000700a00000, 0x0000000708a00000, 0x0000000780380000)
  object space 131072K, 0% used [0x0000000700a00000,0x0000000700a16010,0x0000000708a00000)
 Metaspace       used 20801K, capacity 21006K, committed 21248K, reserved 1067008K
  class space    used 2897K, capacity 2981K, committed 3072K, reserved 1048576K
Event: 2.568 GC heap after
Heap after GC invocations=3 (full 1):
 PSYoungGen      total 57344K, used 0K [0x0000000780380000, 0x0000000784380000, 0x00000007c0000000)
  eden space 49152K, 0% used [0x0000000780380000,0x0000000780380000,0x0000000783380000)
  from space 8192K, 0% used [0x0000000783b80000,0x0000000783b80000,0x0000000784380000)
  to   space 8192K, 0% used [0x0000000783380000,0x0000000783380000,0x0000000783b80000)
 ParOldGen       total 82432K, used 6486K [0x0000000700a00000, 0x0000000705a80000, 0x0000000780380000)
  object space 82432K, 7% used [0x0000000700a00000,0x00000007010558e8,0x0000000705a80000)
 Metaspace       used 20801K, capacity 21006K, committed 21248K, reserved 1067008K
  class space    used 2897K, capacity 2981K, committed 3072K, reserved 1048576K
}
Event: 3.227 GC heap before
{Heap before GC invocations=4 (full 1):
 PSYoungGen      total 57344K, used 49152K [0x0000000780380000, 0x0000000784380000, 0x00000007c0000000)
  eden space 49152K, 100% used [0x0000000780380000,0x0000000783380000,0x0000000783380000)
  from space 8192K, 0% used [0x0000000783b80000,0x0000000783b80000,0x0000000784380000)
  to   space 8192K, 0% used [0x0000000783380000,0x0000000783380000,0x0000000783b80000)
 ParOldGen       total 82432K, used 6486K [0x0000000700a00000, 0x0000000705a80000, 0x0000000780380000)
  object space 82432K, 7% used [0x0000000700a00000,0x00000007010558e8,0x0000000705a80000)
 Metaspace       used 30327K, capacity 30810K, committed 31232K, reserved 1077248K
  class space    used 4127K, capacity 4289K, committed 4352K, reserved 1048576K
Event: 3.234 GC heap after
Heap after GC invocations=4 (full 1):
 PSYoungGen      total 57344K, used 8180K [0x0000000780380000, 0x0000000785c80000, 0x00000007c0000000)
  eden space 49152K, 0% used [0x0000000780380000,0x0000000780380000,0x0000000783380000)
  from space 8192K, 99% used [0x0000000783380000,0x0000000783b7d3b8,0x0000000783b80000)
  to   space 8192K, 0% used [0x0000000785480000,0x0000000785480000,0x0000000785c80000)
 ParOldGen       total 82432K, used 8482K [0x0000000700a00000, 0x0000000705a80000, 0x0000000780380000)
  object space 82432K, 10% used [0x0000000700a00000,0x00000007012489f0,0x0000000705a80000)
 Metaspace       used 30327K, capacity 30810K, committed 31232K, reserved 1077248K
  class space    used 4127K, capacity 4289K, committed 4352K, reserved 1048576K
}
Event: 3.588 GC heap before
{Heap before GC invocations=5 (full 1):
 PSYoungGen      total 57344K, used 42994K [0x0000000780380000, 0x0000000785c80000, 0x00000007c0000000)
  eden space 49152K, 70% used [0x0000000780380000,0x000000078257f540,0x0000000783380000)
  from space 8192K, 99% used [0x0000000783380000,0x0000000783b7d3b8,0x0000000783b80000)
  to   space 8192K, 0% used [0x0000000785480000,0x0000000785480000,0x0000000785c80000)
 ParOldGen       total 82432K, used 8482K [0x0000000700a00000, 0x0000000705a80000, 0x0000000780380000)
  object space 82432K, 10% used [0x0000000700a00000,0x00000007012489f0,0x0000000705a80000)
 Metaspace       used 34688K, capacity 35156K, committed 35416K, reserved 1079296K
  class space    used 4802K, capacity 4952K, committed 4992K, reserved 1048576K
Event: 3.594 GC heap after
Heap after GC invocations=5 (full 1):
 PSYoungGen      total 82944K, used 8166K [0x0000000780380000, 0x0000000785f80000, 0x00000007c0000000)
  eden space 74752K, 0% used [0x0000000780380000,0x0000000780380000,0x0000000784c80000)
  from space 8192K, 99% used [0x0000000785480000,0x0000000785c79b58,0x0000000785c80000)
  to   space 8192K, 0% used [0x0000000784c80000,0x0000000784c80000,0x0000000785480000)
 ParOldGen       total 82432K, used 9141K [0x0000000700a00000, 0x0000000705a80000, 0x0000000780380000)
  object space 82432K, 11% used [0x0000000700a00000,0x00000007012ed610,0x0000000705a80000)
 Metaspace       used 34688K, capacity 35156K, committed 35416K, reserved 1079296K
  class space    used 4802K, capacity 4952K, committed 4992K, reserved 1048576K
}
Event: 3.594 GC heap before
{Heap before GC invocations=6 (full 2):
 PSYoungGen      total 82944K, used 8166K [0x0000000780380000, 0x0000000785f80000, 0x00000007c0000000)
  eden space 74752K, 0% used [0x0000000780380000,0x0000000780380000,0x0000000784c80000)
  from space 8192K, 99% used [0x0000000785480000,0x0000000785c79b58,0x0000000785c80000)
  to   space 8192K, 0% used [0x0000000784c80000,0x0000000784c80000,0x0000000785480000)
 ParOldGen       total 82432K, used 9141K [0x0000000700a00000, 0x0000000705a80000, 0x0000000780380000)
  object space 82432K, 11% used [0x0000000700a00000,0x00000007012ed610,0x0000000705a80000)
 Metaspace       used 34688K, capacity 35156K, committed 35416K, reserved 1079296K
  class space    used 4802K, capacity 4952K, committed 4992K, reserved 1048576K
Event: 3.624 GC heap after
Heap after GC invocations=6 (full 2):
 PSYoungGen      total 82944K, used 0K [0x0000000780380000, 0x0000000785f80000, 0x00000007c0000000)
  eden space 74752K, 0% used [0x0000000780380000,0x0000000780380000,0x0000000784c80000)
  from space 8192K, 0% used [0x0000000785480000,0x0000000785480000,0x0000000785c80000)
  to   space 8192K, 0% used [0x0000000784c80000,0x0000000784c80000,0x0000000785480000)
 ParOldGen       total 82432K, used 12284K [0x0000000700a00000, 0x0000000705a80000, 0x0000000780380000)
  object space 82432K, 14% used [0x0000000700a00000,0x00000007015ff3d0,0x0000000705a80000)
 Metaspace       used 34688K, capacity 35156K, committed 35416K, reserved 1079296K
  class space    used 4802K, capacity 4952K, committed 4992K, reserved 1048576K
}

