# JRE version: Java(TM) SE Runtime Environment (8.0_172-b11) (build 1.8.0_172-b11)
# Java VM: Java HotSpot(TM) 64-Bit Server VM (25.172-b11 mixed mode windows-amd64 compressed oops)
Heap:
 PSYoungGen      total 57344K, used 8490K [0x0000000780380000, 0x0000000786880000, 0x00000007c0000000)
  eden space 49152K, 17% used [0x0000000780380000,0x0000000780bcab98,0x0000000783380000)
  from space 8192K, 0% used [0x0000000783b80000,0x0000000783b80000,0x0000000784380000)
  to   space 8192K, 0% used [0x0000000783380000,0x0000000783380000,0x0000000783b80000)
 ParOldGen       total 93696K, used 12243K [0x0000000700a00000, 0x0000000706580000, 0x0000000780380000)
  object space 93696K, 13% used [0x0000000700a00000,0x00000007015f4c38,0x0000000706580000)
 Metaspace       used 35231K, capacity 35772K, committed 36056K, reserved 1081344K
  class space    used 4896K, capacity 5050K, committed 5120K, reserved 1048576K
GC Heap History (10 events):
Event: 6.457 GC heap before
{Heap before GC invocations=2 (full 0):
 PSYoungGen      total 57344K, used 32056K [0x0000000780380000, 0x0000000784380000, 0x00000007c0000000)
  eden space 49152K, 58% used [0x0000000780380000,0x0000000781f89ad0,0x0000000783380000)
  from space 8192K, 40% used [0x0000000783380000,0x00000007836c4910,0x0000000783b80000)
  to   space 8192K, 0% used [0x0000000783b80000,0x0000000783b80000,0x0000000784380000)
 ParOldGen       total 131072K, used 16K [0x0000000700a00000, 0x0000000708a00000, 0x0000000780380000)
  object space 131072K, 0% used [0x0000000700a00000,0x0000000700a04000,0x0000000708a00000)
 Metaspace       used 20798K, capacity 21006K, committed 21248K, reserved 1067008K
  class space    used 2894K, capacity 2981K, committed 3072K, reserved 1048576K
Event: 6.462 GC heap after
Heap after GC invocations=2 (full 0):
 PSYoungGen      total 57344K, used 6832K [0x0000000780380000, 0x0000000784380000, 0x00000007c0000000)
  eden space 49152K, 0% used [0x0000000780380000,0x0000000780380000,0x0000000783380000)
  from space 8192K, 83% used [0x0000000783b80000,0x000000078422c3c8,0x0000000784380000)
  to   space 8192K, 0% used [0x0000000783380000,0x0000000783380000,0x0000000783b80000)
 ParOldGen       total 131072K, used 88K [0x0000000700a00000, 0x0000000708a00000, 0x0000000780380000)
  object space 131072K, 0% used [0x0000000700a00000,0x0000000700a16010,0x0000000708a00000)
 Metaspace       used 20798K, capacity 21006K, committed 21248K, reserved 1067008K
  class space    used 2894K, capacity 2981K, committed 3072K, reserved 1048576K
}
Event: 6.462 GC heap before
{Heap before GC invocations=3 (full 1):
 PSYoungGen      total 57344K, used 6832K [0x0000000780380000, 0x0000000784380000, 0x00000007c0000000)
  eden space 49152K, 0% used [0x0000000780380000,0x0000000780380000,0x0000000783380000)
  from space 8192K, 83% used [0x0000000783b80000,0x000000078422c3c8,0x0000000784380000)
  to   space 8192K, 0% used [0x0000000783380000,0x0000000783380000,0x0000000783b80000)
 ParOldGen       total 131072K, used 88K [0x0000000700a00000, 0x0000000708a00000, 0x0000000780380000)
  object space 131072K, 0% used [0x0000000700a00000,0x0000000700a16010,0x0000000708a00000)
 Metaspace       used 20798K, capacity 21006K, committed 21248K, reserved 1067008K
  class space    used 2894K, capacity 2981K, committed 3072K, reserved 1048576K
Event: 6.480 GC heap after
Heap after GC invocations=3 (full 1):
 PSYoungGen      total 57344K, used 0K [0x0000000780380000, 0x0000000784380000, 0x00000007c0000000)
  eden space 49152K, 0% used [0x0000000780380000,0x0000000780380000,0x0000000783380000)
  from space 8192K, 0% used [0x0000000783b80000,0x0000000783b80000,0x0000000784380000)
  to   space 8192K, 0% used [0x0000000783380000,0x0000000783380000,0x0000000783b80000)
 ParOldGen       total 55808K, used 6516K [0x0000000700a00000, 0x0000000704080000, 0x0000000780380000)
  object space 55808K, 11% used [0x0000000700a00000,0x000000070105d2b8,0x0000000704080000)
 Metaspace       used 20798K, capacity 21006K, committed 21248K, reserved 1067008K
  class space    used 2894K, capacity 2981K, committed 3072K, reserved 1048576K
}
Event: 7.155 GC heap before
{Heap before GC invocations=4 (full 1):
 PSYoungGen      total 57344K, used 49152K [0x0000000780380000, 0x0000000784380000, 0x00000007c0000000)
  eden space 49152K, 100% used [0x0000000780380000,0x0000000783380000,0x0000000783380000)
  from space 8192K, 0% used [0x0000000783b80000,0x0000000783b80000,0x0000000784380000)
  to   space 8192K, 0% used [0x0000000783380000,0x0000000783380000,0x0000000783b80000)
 ParOldGen       total 55808K, used 6516K [0x0000000700a00000, 0x0000000704080000, 0x0000000780380000)
  object space 55808K, 11% used [0x0000000700a00000,0x000000070105d2b8,0x0000000704080000)
 Metaspace       used 30361K, capacity 30810K, committed 31232K, reserved 1077248K
  class space    used 4122K, capacity 4289K, committed 4352K, reserved 1048576K
Event: 7.162 GC heap after
Heap after GC invocations=4 (full 1):
 PSYoungGen      total 57344K, used 8185K [0x0000000780380000, 0x0000000784380000, 0x00000007c0000000)
  eden space 49152K, 0% used [0x0000000780380000,0x0000000780380000,0x0000000783380000)
  from space 8192K, 99% used [0x0000000783380000,0x0000000783b7e638,0x0000000783b80000)
  to   space 8192K, 0% used [0x0000000783b80000,0x0000000783b80000,0x0000000784380000)
 ParOldGen       total 55808K, used 8551K [0x0000000700a00000, 0x0000000704080000, 0x0000000780380000)
  object space 55808K, 15% used [0x0000000700a00000,0x0000000701259e90,0x0000000704080000)
 Metaspace       used 30361K, capacity 30810K, committed 31232K, reserved 1077248K
  class space    used 4122K, capacity 4289K, committed 4352K, reserved 1048576K
}
Event: 7.512 GC heap before
{Heap before GC invocations=5 (full 1):
 PSYoungGen      total 57344K, used 42797K [0x0000000780380000, 0x0000000784380000, 0x00000007c0000000)
  eden space 49152K, 70% used [0x0000000780380000,0x000000078254d070,0x0000000783380000)
  from space 8192K, 99% used [0x0000000783380000,0x0000000783b7e638,0x0000000783b80000)
  to   space 8192K, 0% used [0x0000000783b80000,0x0000000783b80000,0x0000000784380000)
 ParOldGen       total 55808K, used 8551K [0x0000000700a00000, 0x0000000704080000, 0x0000000780380000)
  object space 55808K, 15% used [0x0000000700a00000,0x0000000701259e90,0x0000000704080000)
 Metaspace       used 34666K, capacity 35156K, committed 35416K, reserved 1079296K
  class space    used 4793K, capacity 4952K, committed 4992K, reserved 1048576K
Event: 7.517 GC heap after
Heap after GC invocations=5 (full 1):
 PSYoungGen      total 57344K, used 8163K [0x0000000780380000, 0x0000000786880000, 0x00000007c0000000)
  eden space 49152K, 0% used [0x0000000780380000,0x0000000780380000,0x0000000783380000)
  from space 8192K, 99% used [0x0000000783b80000,0x0000000784378d28,0x0000000784380000)
  to   space 8192K, 0% used [0x0000000783380000,0x0000000783380000,0x0000000783b80000)
 ParOldGen       total 55808K, used 9150K [0x0000000700a00000, 0x0000000704080000, 0x0000000780380000)
  object space 55808K, 16% used [0x0000000700a00000,0x00000007012efa88,0x0000000704080000)
 Metaspace       used 34666K, capacity 35156K, committed 35416K, reserved 1079296K
  class space    used 4793K, capacity 4952K, committed 4992K, reserved 1048576K
}
Event: 7.517 GC heap before
{Heap before GC invocations=6 (full 2):
 PSYoungGen      total 57344K, used 8163K [0x0000000780380000, 0x0000000786880000, 0x00000007c0000000)
  eden space 49152K, 0% used [0x0000000780380000,0x0000000780380000,0x0000000783380000)
  from space 8192K, 99% used [0x0000000783b80000,0x0000000784378d28,0x0000000784380000)
  to   space 8192K, 0% used [0x0000000783380000,0x0000000783380000,0x0000000783b80000)
 ParOldGen       total 55808K, used 9150K [0x0000000700a00000, 0x0000000704080000, 0x0000000780380000)
  object space 55808K, 16% used [0x0000000700a00000,0x00000007012efa88,0x0000000704080000)
 Metaspace       used 34666K, capacity 35156K, committed 35416K, reserved 1079296K
  class space    used 4793K, capacity 4952K, committed 4992K, reserved 1048576K
Event: 7.543 GC heap after
Heap after GC invocations=6 (full 2):
 PSYoungGen      total 57344K, used 0K [0x0000000780380000, 0x0000000786880000, 0x00000007c0000000)
  eden space 49152K, 0% used [0x0000000780380000,0x0000000780380000,0x0000000783380000)
  from space 8192K, 0% used [0x0000000783b80000,0x0000000783b80000,0x0000000784380000)
  to   space 8192K, 0% used [0x0000000783380000,0x0000000783380000,0x0000000783b80000)
 ParOldGen       total 93696K, used 12243K [0x0000000700a00000, 0x0000000706580000, 0x0000000780380000)
  object space 93696K, 13% used [0x0000000700a00000,0x00000007015f4c38,0x0000000706580000)
 Metaspace       used 34666K, capacity 35156K, committed 35416K, reserved 1079296K
  class space    used 4793K, capacity 4952K, committed 4992K, reserved 1048576K
}

